<?xml version="1.0" encoding="UTF-8"?>
<!-- Generated by org.testng.reporters.JUnitReportReporter -->
<testsuite hostname="DESKTOP-S1MEN4E" failures="0" tests="2" name="com.mobileTesting.eCommerce_tc_2" time="23.181" errors="0" timestamp="2024-01-28T21:54:37 IST" skipped="0">
  <testcase classname="com.mobileTesting.eCommerce_tc_2" name="FillFormPositiveFlow" time="16.042"/>
  <testcase classname="com.mobileTesting.eCommerce_tc_2" name="FillForm_ErrorValidation" time="7.139"/>
</testsuite> <!-- com.mobileTesting.eCommerce_tc_2 -->
