<?xml version="1.0" encoding="UTF-8"?>
<!-- Generated by org.testng.reporters.JUnitReportReporter -->
<testsuite hostname="DESKTOP-S1MEN4E" failures="0" tests="2" name="com.mobileTesting.eCommerce_tc_4_Hybrid" time="39.829" errors="0" timestamp="2024-01-25T19:33:31 IST" skipped="0">
  <testcase classname="com.mobileTesting.eCommerce_tc_4_Hybrid" name="FillForm" time="21.785"/>
  <testcase classname="com.mobileTesting.eCommerce_tc_4_Hybrid" name="FillForm" time="18.044"/>
</testsuite> <!-- com.mobileTesting.eCommerce_tc_4_Hybrid -->
