<?xml version="1.0" encoding="UTF-8"?>
<!-- Generated by org.testng.reporters.JUnitReportReporter -->
<testsuite hostname="DESKTOP-S1MEN4E" failures="0" tests="1" name="com.mobileTesting.eCommerce_tc_4_Hybrid" time="21.823" errors="0" timestamp="2024-01-28T21:53:21 IST" skipped="0">
  <testcase classname="com.mobileTesting.eCommerce_tc_4_Hybrid" name="FillForm" time="21.823"/>
</testsuite> <!-- com.mobileTesting.eCommerce_tc_4_Hybrid -->
