<?xml version="1.0" encoding="UTF-8"?>
<!-- Generated by org.testng.reporters.JUnitReportReporter -->
<testsuite hostname="DESKTOP-S1MEN4E" failures="0" tests="1" name="com.mobileTesting.eCommerce_tc_4_Hybrid" time="20.220" errors="0" timestamp="2024-01-28T15:39:33 IST" skipped="0">
  <testcase classname="com.mobileTesting.eCommerce_tc_4_Hybrid" name="FillForm" time="20.220"/>
</testsuite> <!-- com.mobileTesting.eCommerce_tc_4_Hybrid -->
